{"/Users/eveporcello/Desktop/ExerciseFiles/Ch05/05_04/start/src/app.js": {"path":"/Users/eveporcello/Desktop/ExerciseFiles/Ch05/05_04/start/src/app.js","statementMap":{"0":{"start":{"line":6,"column":12},"end":{"line":6,"column":21}},"1":{"start":{"line":7,"column":0},"end":{"line":7,"column":27}},"2":{"start":{"line":8,"column":0},"end":{"line":8,"column":16}},"3":{"start":{"line":9,"column":0},"end":{"line":9,"column":41}},"4":{"start":{"line":10,"column":0},"end":{"line":10,"column":31}}},"fnMap":{},"branchMap":{},"s":{"0":1,"1":1,"2":1,"3":1,"4":1},"f":{},"b":{},"_coverageSchema":"1a1c01bbd47fc00a2c39e90264f33305004495a9","hash":"120a6a49cb15c0dc8b3109294b6b8de4248a278a"}
,"/Users/eveporcello/Desktop/ExerciseFiles/Ch05/05_04/start/src/dictionary-routes.js": {"path":"/Users/eveporcello/Desktop/ExerciseFiles/Ch05/05_04/start/src/dictionary-routes.js","statementMap":{"0":{"start":{"line":5,"column":15},"end":{"line":5,"column":27}},"1":{"start":{"line":7,"column":0},"end":{"line":9,"column":3}},"2":{"start":{"line":8,"column":2},"end":{"line":8,"column":21}},"3":{"start":{"line":11,"column":0},"end":{"line":18,"column":3}},"4":{"start":{"line":12,"column":2},"end":{"line":12,"column":26}},"5":{"start":{"line":13,"column":2},"end":{"line":13,"column":17}},"6":{"start":{"line":14,"column":2},"end":{"line":17,"column":5}},"7":{"start":{"line":20,"column":0},"end":{"line":28,"column":3}},"8":{"start":{"line":21,"column":2},"end":{"line":21,"column":58}},"9":{"start":{"line":21,"column":32},"end":{"line":21,"column":56}},"10":{"start":{"line":22,"column":2},"end":{"line":22,"column":17}},"11":{"start":{"line":23,"column":2},"end":{"line":27,"column":5}}},"fnMap":{"0":{"name":"(anonymous_0)","decl":{"start":{"line":7,"column":16},"end":{"line":7,"column":17}},"loc":{"start":{"line":7,"column":30},"end":{"line":9,"column":1}},"line":7},"1":{"name":"(anonymous_1)","decl":{"start":{"line":11,"column":36},"end":{"line":11,"column":37}},"loc":{"start":{"line":11,"column":50},"end":{"line":18,"column":1}},"line":11},"2":{"name":"(anonymous_2)","decl":{"start":{"line":20,"column":24},"end":{"line":20,"column":25}},"loc":{"start":{"line":20,"column":38},"end":{"line":28,"column":1}},"line":20},"3":{"name":"(anonymous_3)","decl":{"start":{"line":21,"column":18},"end":{"line":21,"column":19}},"loc":{"start":{"line":21,"column":32},"end":{"line":21,"column":56}},"line":21}},"branchMap":{},"s":{"0":1,"1":1,"2":1,"3":1,"4":0,"5":0,"6":0,"7":1,"8":0,"9":0,"10":0,"11":0},"f":{"0":1,"1":0,"2":0,"3":0},"b":{},"_coverageSchema":"1a1c01bbd47fc00a2c39e90264f33305004495a9","hash":"3716791ad0144c04a6105ac1f53bd5bf31fe4e9c"}
,"/Users/eveporcello/Desktop/ExerciseFiles/Ch05/05_04/start/src/lib.js": {"path":"/Users/eveporcello/Desktop/ExerciseFiles/Ch05/05_04/start/src/lib.js","statementMap":{"0":{"start":{"line":5,"column":19},"end":{"line":5,"column":49}},"1":{"start":{"line":6,"column":18},"end":{"line":6,"column":42}},"2":{"start":{"line":8,"column":20},"end":{"line":18,"column":1}},"3":{"start":{"line":9,"column":2},"end":{"line":17,"column":4}},"4":{"start":{"line":13,"column":6},"end":{"line":15,"column":7}},"5":{"start":{"line":14,"column":8},"end":{"line":14,"column":18}},"6":{"start":{"line":20,"column":22},"end":{"line":26,"column":1}},"7":{"start":{"line":21,"column":2},"end":{"line":21,"column":54}},"8":{"start":{"line":22,"column":2},"end":{"line":24,"column":3}},"9":{"start":{"line":23,"column":4},"end":{"line":23,"column":26}},"10":{"start":{"line":25,"column":2},"end":{"line":25,"column":9}}},"fnMap":{"0":{"name":"(anonymous_0)","decl":{"start":{"line":8,"column":20},"end":{"line":8,"column":21}},"loc":{"start":{"line":8,"column":34},"end":{"line":18,"column":1}},"line":8},"1":{"name":"(anonymous_1)","decl":{"start":{"line":12,"column":4},"end":{"line":12,"column":5}},"loc":{"start":{"line":12,"column":13},"end":{"line":16,"column":5}},"line":12},"2":{"name":"(anonymous_2)","decl":{"start":{"line":20,"column":22},"end":{"line":20,"column":23}},"loc":{"start":{"line":20,"column":42},"end":{"line":26,"column":1}},"line":20}},"branchMap":{"0":{"loc":{"start":{"line":13,"column":6},"end":{"line":15,"column":7}},"type":"if","locations":[{"start":{"line":13,"column":6},"end":{"line":15,"column":7}},{"start":{},"end":{}}],"line":13},"1":{"loc":{"start":{"line":22,"column":2},"end":{"line":24,"column":3}},"type":"if","locations":[{"start":{"line":22,"column":2},"end":{"line":24,"column":3}},{"start":{},"end":{}}],"line":22}},"s":{"0":1,"1":1,"2":1,"3":0,"4":0,"5":0,"6":1,"7":1,"8":1,"9":0,"10":1},"f":{"0":0,"1":0,"2":1},"b":{"0":[0,0],"1":[0,1]},"_coverageSchema":"1a1c01bbd47fc00a2c39e90264f33305004495a9","hash":"1845fb020e409b18f9eb98fff99fb670365678a3"}
}
